[2012-03-29 11:24:41] START
[2012-03-29 11:24:41] EDIT pyodel/controllers/wizard.py: 2
[2012-03-29 11:25:14] EDIT pyodel/controllers/wizard.py: 1
[2012-03-29 11:26:08] EDIT pyodel/controllers/wizard.py: 2
[2012-03-29 11:26:19] EDIT pyodel/controllers/wizard.py: 0
[2012-03-29 11:29:13] EDIT pyodel/controllers/wizard.py: 0
[2012-03-29 11:29:45] EDIT pyodel/controllers/wizard.py: 0
[2012-03-29 11:36:07] EDIT pyodel/controllers/wizard.py: 0
[2012-03-29 11:41:56] EDIT pyodel/controllers/wizard.py: 5
[2012-03-29 11:42:20] EDIT pyodel/controllers/wizard.py: 0
[2012-03-29 11:42:47] EDIT pyodel/controllers/wizard.py: 0
[2012-03-29 11:43:21] EDIT pyodel/controllers/wizard.py: 0
[2012-03-29 11:43:29] EDIT pyodel/controllers/wizard.py: 0
[2012-03-29 11:43:47] EDIT pyodel/controllers/wizard.py: 0
[2012-03-29 11:45:36] EDIT pyodel/controllers/wizard.py: -2
[2012-03-29 11:45:54] EDIT pyodel/controllers/wizard.py: -3
[2012-03-29 11:47:17] EDIT pyodel/controllers/wizard.py: 5
[2012-03-29 11:48:52] EDIT pyodel/controllers/wizard.py: -1
[2012-03-29 11:49:13] EDIT pyodel/controllers/wizard.py: 0
[2012-03-29 11:53:20] EDIT pyodel/controllers/wizard.py: -1
[2012-03-29 11:55:50] EDIT pyodel/controllers/wizard.py: 0
[2012-03-29 12:00:03] EDIT pyodel/controllers/wizard.py: 4
[2012-03-29 12:01:59] EDIT pyodel/controllers/wizard.py: 4
[2012-03-29 12:02:26] EDIT pyodel/controllers/wizard.py: 1
[2012-03-29 12:02:34] EDIT pyodel/controllers/wizard.py: -1
[2012-03-29 12:03:15] EDIT pyodel/controllers/wizard.py: 3
[2012-03-29 12:04:10] EDIT pyodel/controllers/wizard.py: 2
[2012-03-29 12:07:05] EDIT pyodel/controllers/wizard.py: 0
[2012-03-29 12:19:03] EDIT pyodel/controllers/wizard.py: 12
[2012-03-29 12:19:28] EDIT pyodel/controllers/wizard.py: 0
[2012-03-29 12:20:04] EDIT pyodel/controllers/wizard.py: 0
[2012-03-29 12:20:26] EDIT pyodel/controllers/wizard.py: 1
[2012-03-29 12:20:59] EDIT pyodel/controllers/wizard.py: 0
[2012-03-29 12:27:41] EDIT pyodel/controllers/wizard.py: 0
[2012-03-29 12:29:14] EDIT pyodel/controllers/wizard.py: 0
[2012-03-29 12:30:44] EDIT pyodel/controllers/wizard.py: 1
[2012-03-29 12:37:02] EDIT pyodel/controllers/wizard.py: 1
[2012-03-29 12:38:25] EDIT pyodel/controllers/wizard.py: 3
[2012-03-29 12:41:25] EDIT pyodel/controllers/wizard.py: 0
[2012-03-29 12:57:43] EDIT pyodel/controllers/wizard.py: 0
[2012-03-29 13:09:51] EDIT pyodel/models/z.py: -1
[2012-03-30 10:21:16] EDIT pyodel/controllers/wizard.py: 13
[2012-03-30 10:25:04] EDIT pyodel/controllers/wizard.py: 12
[2012-03-30 10:25:55] EDIT pyodel/controllers/wizard.py: 0
[2012-03-30 10:27:39] EDIT pyodel/controllers/wizard.py: 0
[2012-03-30 10:30:13] EDIT pyodel/controllers/wizard.py: 1
[2012-03-30 10:31:16] EDIT pyodel/controllers/wizard.py: 1
[2012-03-30 10:35:11] EDIT pyodel/controllers/wizard.py: 1
[2012-03-30 10:36:24] EDIT pyodel/controllers/wizard.py: 3
[2012-03-30 10:36:32] EDIT pyodel/controllers/wizard.py: 0
[2012-03-30 10:40:17] EDIT pyodel/controllers/wizard.py: 0
[2012-03-30 10:40:38] EDIT pyodel/controllers/wizard.py: 0
[2012-03-30 10:41:14] EDIT pyodel/controllers/wizard.py: 1
[2012-03-30 10:44:23] EDIT pyodel/controllers/wizard.py: 0
[2012-03-30 10:44:44] EDIT pyodel/controllers/wizard.py: 0
[2012-03-30 10:45:45] EDIT pyodel/controllers/wizard.py: 0
[2012-03-30 10:46:58] EDIT pyodel/controllers/wizard.py: 2
[2012-03-30 10:47:54] EDIT pyodel/controllers/wizard.py: 1
[2012-03-30 10:49:16] EDIT pyodel/controllers/wizard.py: 1
[2012-03-30 10:50:10] EDIT pyodel/controllers/wizard.py: 0
[2012-03-30 10:50:19] EDIT pyodel/controllers/wizard.py: 0
[2012-03-30 10:50:34] EDIT pyodel/controllers/wizard.py: 0
[2012-03-30 10:53:19] EDIT pyodel/controllers/wizard.py: 0
[2012-03-30 11:14:51] EDIT pyodel/controllers/wizard.py: 11
[2012-03-30 11:22:33] EDIT pyodel/controllers/wizard.py: 0
[2012-03-30 11:24:41] EDIT pyodel/controllers/wizard.py: 1
[2012-03-30 11:28:31] EDIT pyodel/controllers/wizard.py: 7
[2012-03-30 11:28:44] EDIT pyodel/controllers/wizard.py: 1
[2012-03-30 11:29:09] EDIT pyodel/controllers/wizard.py: 0
[2012-03-30 11:31:13] EDIT pyodel/controllers/wizard.py: 0
[2012-03-30 11:32:02] EDIT pyodel/controllers/wizard.py: 1
[2012-03-30 11:32:34] EDIT pyodel/controllers/wizard.py: 0
[2012-03-30 11:32:47] EDIT pyodel/controllers/wizard.py: 0
[2012-03-30 11:33:05] EDIT pyodel/controllers/wizard.py: 0
[2012-03-30 11:33:41] EDIT pyodel/controllers/wizard.py: 0
[2012-03-30 11:45:14] EDIT pyodel/controllers/wizard.py: 1
[2012-03-30 11:48:26] EDIT pyodel/controllers/wizard.py: 1
[2012-03-30 11:51:45] EDIT pyodel/models/z.py: 1
[2012-03-30 11:56:38] EDIT pyodel/controllers/wizard.py: 4
[2012-03-30 11:56:43] EDIT pyodel/controllers/wizard.py: 0
[2012-03-30 11:56:47] EDIT pyodel/controllers/wizard.py: 0
[2012-03-30 12:00:39] EDIT pyodel/controllers/wizard.py: 0
[2012-03-30 12:02:03] EDIT pyodel/controllers/wizard.py: 0
[2012-03-30 12:02:17] EDIT pyodel/controllers/wizard.py: 0
[2012-03-30 12:07:53] EDIT pyodel/controllers/wizard.py: 1
[2012-03-30 12:08:08] EDIT pyodel/controllers/wizard.py: 1
[2012-03-30 12:09:52] EDIT pyodel/controllers/wizard.py: 1
[2012-03-30 12:11:00] EDIT pyodel/controllers/wizard.py: 0
[2012-03-30 12:11:41] EDIT pyodel/controllers/wizard.py: -3
[2012-03-30 12:13:01] EDIT pyodel/models/z.py: 4
[2012-03-30 12:13:18] EDIT pyodel/models/z.py: 0
[2012-03-30 12:13:25] EDIT pyodel/controllers/wizard.py: 0
[2012-03-30 12:13:48] EDIT pyodel/controllers/wizard.py: 0
[2012-03-30 12:14:26] EDIT pyodel/controllers/wizard.py: 0
[2012-03-30 12:16:06] EDIT pyodel/controllers/wizard.py: 0
[2012-03-31 10:23:24] EDIT pyodel/models/db.py: -1
[2012-04-30 09:08:25] EDIT pyodel/controllers/default.py: 0
[2012-04-30 09:10:27] EDIT pyodel/controllers/default.py: 2
[2012-04-30 09:11:17] EDIT pyodel/controllers/default.py: 0
[2012-04-30 09:12:14] EDIT pyodel/controllers/default.py: 0
[2012-05-06 19:54:57] EDIT pyodel/views/default/student.html: 0
[2012-05-06 20:00:30] EDIT pyodel/views/default/student.html: 1
[2012-05-06 20:00:38] EDIT pyodel/views/default/student.html: 0
[2012-05-06 20:00:48] EDIT pyodel/views/default/student.html: 0
[2012-05-06 20:08:05] EDIT pyodel/views/default/student.html: 1
[2012-05-06 20:08:37] EDIT pyodel/views/default/student.html: 1
[2012-05-06 20:13:26] EDIT pyodel/views/default/student.html: 6
[2012-05-06 20:14:43] EDIT pyodel/views/default/student.html: 1
[2012-05-06 20:16:43] EDIT pyodel/views/default/student.html: -8
[2012-05-06 20:17:32] EDIT pyodel/views/default/student.html: 0
[2012-05-06 20:18:25] EDIT pyodel/views/default/student.html: 1
[2012-05-06 20:21:18] EDIT pyodel/views/default/student.html: 0
[2012-05-06 20:21:29] EDIT pyodel/views/default/student.html: 0
[2012-05-06 20:22:33] EDIT pyodel/views/default/student.html: 0
[2012-05-06 20:23:38] EDIT pyodel/views/default/student.html: 0
[2012-05-06 20:24:44] EDIT pyodel/views/default/student.html: 0
[2012-05-06 20:25:31] EDIT pyodel/views/default/student.html: 0
[2012-05-06 20:25:46] EDIT pyodel/views/default/student.html: 0
[2012-05-06 20:25:56] EDIT pyodel/views/default/student.html: 0
[2012-05-06 20:26:20] EDIT pyodel/views/default/student.html: 0
[2012-05-06 20:26:40] EDIT pyodel/views/default/student.html: 0
[2012-05-06 20:27:55] EDIT pyodel/views/default/student.html: 0
[2012-05-06 20:29:35] EDIT pyodel/views/default/student.html: 0
[2012-05-06 20:29:45] EDIT pyodel/views/default/student.html: 0
